ERROR - 2025-05-24 03:51:19 --> mysqli_sql_exception: Table 'lab_ci4.artikel' doesn't exist in engine in C:\xampp\htdocs\Lab11Web\ci4\system\Database\MySQLi\Connection.php:327
Stack trace:
#0 C:\xampp\htdocs\Lab11Web\ci4\system\Database\MySQLi\Connection.php(327): mysqli->query('SELECT `artikel...', 0)
#1 C:\xampp\htdocs\Lab11Web\ci4\system\Database\BaseConnection.php(738): CodeIgniter\Database\MySQLi\Connection->execute('SELECT `artikel...')
#2 C:\xampp\htdocs\Lab11Web\ci4\system\Database\BaseConnection.php(652): CodeIgniter\Database\BaseConnection->simpleQuery('SELECT `artikel...')
#3 C:\xampp\htdocs\Lab11Web\ci4\system\Database\BaseBuilder.php(1649): CodeIgniter\Database\BaseConnection->query('SELECT `artikel...', Array, false)
#4 C:\xampp\htdocs\Lab11Web\ci4\system\Model.php(330): CodeIgniter\Database\BaseBuilder->get()
#5 C:\xampp\htdocs\Lab11Web\ci4\system\BaseModel.php(713): CodeIgniter\Model->doFirst()
#6 C:\xampp\htdocs\Lab11Web\ci4\app\Controllers\Artikel.php(40): CodeIgniter\BaseModel->first()
#7 C:\xampp\htdocs\Lab11Web\ci4\system\CodeIgniter.php(933): App\Controllers\Artikel->view('artikel-kedua')
#8 C:\xampp\htdocs\Lab11Web\ci4\system\CodeIgniter.php(507): CodeIgniter\CodeIgniter->runController(Object(App\Controllers\Artikel))
#9 C:\xampp\htdocs\Lab11Web\ci4\system\CodeIgniter.php(354): CodeIgniter\CodeIgniter->handleRequest(NULL, Object(Config\Cache), false)
#10 C:\xampp\htdocs\Lab11Web\ci4\system\Boot.php(334): CodeIgniter\CodeIgniter->run()
#11 C:\xampp\htdocs\Lab11Web\ci4\system\Boot.php(67): CodeIgniter\Boot::runCodeIgniter(Object(CodeIgniter\CodeIgniter))
#12 C:\xampp\htdocs\Lab11Web\ci4\public\index.php(56): CodeIgniter\Boot::bootWeb(Object(Config\Paths))
#13 C:\xampp\htdocs\Lab11Web\ci4\system\rewrite.php(44): require_once('C:\\xampp\\htdocs...')
#14 {main}
CRITICAL - 2025-05-24 03:51:19 --> CodeIgniter\Database\Exceptions\DatabaseException: Table 'lab_ci4.artikel' doesn't exist in engine
[Method: GET, Route: artikel/artikel-kedua]
in SYSTEMPATH\Database\BaseConnection.php on line 692.
 1 SYSTEMPATH\Database\BaseBuilder.php(1649): CodeIgniter\Database\BaseConnection->query('SELECT `artikel`.*, `kategori`.`nama_kategori`
FROM `artikel`
LEFT JOIN `kategori` ON `kategori`.`id_kategori` = `artikel`.`id_kategori`
WHERE `slug` = :slug:
 LIMIT 1', [...], false)
 2 SYSTEMPATH\Model.php(330): CodeIgniter\Database\BaseBuilder->get()
 3 SYSTEMPATH\BaseModel.php(713): CodeIgniter\Model->doFirst()
 4 APPPATH\Controllers\Artikel.php(40): CodeIgniter\BaseModel->first()
 5 SYSTEMPATH\CodeIgniter.php(933): App\Controllers\Artikel->view('artikel-kedua')
 6 SYSTEMPATH\CodeIgniter.php(507): CodeIgniter\CodeIgniter->runController(Object(App\Controllers\Artikel))
 7 SYSTEMPATH\CodeIgniter.php(354): CodeIgniter\CodeIgniter->handleRequest(null, Object(Config\Cache), false)
 8 SYSTEMPATH\Boot.php(334): CodeIgniter\CodeIgniter->run()
 9 SYSTEMPATH\Boot.php(67): CodeIgniter\Boot::runCodeIgniter(Object(CodeIgniter\CodeIgniter))
10 FCPATH\index.php(56): CodeIgniter\Boot::bootWeb(Object(Config\Paths))
11 SYSTEMPATH\rewrite.php(44): require_once('C:\\xampp\\htdocs\\Lab11Web\\ci4\\public\\index.php')
CRITICAL - 2025-05-24 03:51:19 --> [Caused by] CodeIgniter\Database\Exceptions\DatabaseException: Table 'lab_ci4.artikel' doesn't exist in engine
in SYSTEMPATH\Database\MySQLi\Connection.php on line 332.
 1 SYSTEMPATH\Database\BaseConnection.php(738): CodeIgniter\Database\MySQLi\Connection->execute('SELECT `artikel`.*, `kategori`.`nama_kategori`
FROM `artikel`
LEFT JOIN `kategori` ON `kategori`.`id_kategori` = `artikel`.`id_kategori`
WHERE `slug` = \'artikel-kedua\'
 LIMIT 1')
 2 SYSTEMPATH\Database\BaseConnection.php(652): CodeIgniter\Database\BaseConnection->simpleQuery('SELECT `artikel`.*, `kategori`.`nama_kategori`
FROM `artikel`
LEFT JOIN `kategori` ON `kategori`.`id_kategori` = `artikel`.`id_kategori`
WHERE `slug` = \'artikel-kedua\'
 LIMIT 1')
 3 SYSTEMPATH\Database\BaseBuilder.php(1649): CodeIgniter\Database\BaseConnection->query('SELECT `artikel`.*, `kategori`.`nama_kategori`
FROM `artikel`
LEFT JOIN `kategori` ON `kategori`.`id_kategori` = `artikel`.`id_kategori`
WHERE `slug` = :slug:
 LIMIT 1', [...], false)
 4 SYSTEMPATH\Model.php(330): CodeIgniter\Database\BaseBuilder->get()
 5 SYSTEMPATH\BaseModel.php(713): CodeIgniter\Model->doFirst()
 6 APPPATH\Controllers\Artikel.php(40): CodeIgniter\BaseModel->first()
 7 SYSTEMPATH\CodeIgniter.php(933): App\Controllers\Artikel->view('artikel-kedua')
 8 SYSTEMPATH\CodeIgniter.php(507): CodeIgniter\CodeIgniter->runController(Object(App\Controllers\Artikel))
 9 SYSTEMPATH\CodeIgniter.php(354): CodeIgniter\CodeIgniter->handleRequest(null, Object(Config\Cache), false)
10 SYSTEMPATH\Boot.php(334): CodeIgniter\CodeIgniter->run()
11 SYSTEMPATH\Boot.php(67): CodeIgniter\Boot::runCodeIgniter(Object(CodeIgniter\CodeIgniter))
12 FCPATH\index.php(56): CodeIgniter\Boot::bootWeb(Object(Config\Paths))
13 SYSTEMPATH\rewrite.php(44): require_once('C:\\xampp\\htdocs\\Lab11Web\\ci4\\public\\index.php')
CRITICAL - 2025-05-24 03:51:19 --> [Caused by] mysqli_sql_exception: Table 'lab_ci4.artikel' doesn't exist in engine
in SYSTEMPATH\Database\MySQLi\Connection.php on line 327.
 1 SYSTEMPATH\Database\MySQLi\Connection.php(327): mysqli->query('SELECT `artikel`.*, `kategori`.`nama_kategori`
FROM `artikel`
LEFT JOIN `kategori` ON `kategori`.`id_kategori` = `artikel`.`id_kategori`
WHERE `slug` = \'artikel-kedua\'
 LIMIT 1', 0)
 2 SYSTEMPATH\Database\BaseConnection.php(738): CodeIgniter\Database\MySQLi\Connection->execute('SELECT `artikel`.*, `kategori`.`nama_kategori`
FROM `artikel`
LEFT JOIN `kategori` ON `kategori`.`id_kategori` = `artikel`.`id_kategori`
WHERE `slug` = \'artikel-kedua\'
 LIMIT 1')
 3 SYSTEMPATH\Database\BaseConnection.php(652): CodeIgniter\Database\BaseConnection->simpleQuery('SELECT `artikel`.*, `kategori`.`nama_kategori`
FROM `artikel`
LEFT JOIN `kategori` ON `kategori`.`id_kategori` = `artikel`.`id_kategori`
WHERE `slug` = \'artikel-kedua\'
 LIMIT 1')
 4 SYSTEMPATH\Database\BaseBuilder.php(1649): CodeIgniter\Database\BaseConnection->query('SELECT `artikel`.*, `kategori`.`nama_kategori`
FROM `artikel`
LEFT JOIN `kategori` ON `kategori`.`id_kategori` = `artikel`.`id_kategori`
WHERE `slug` = :slug:
 LIMIT 1', [...], false)
 5 SYSTEMPATH\Model.php(330): CodeIgniter\Database\BaseBuilder->get()
 6 SYSTEMPATH\BaseModel.php(713): CodeIgniter\Model->doFirst()
 7 APPPATH\Controllers\Artikel.php(40): CodeIgniter\BaseModel->first()
 8 SYSTEMPATH\CodeIgniter.php(933): App\Controllers\Artikel->view('artikel-kedua')
 9 SYSTEMPATH\CodeIgniter.php(507): CodeIgniter\CodeIgniter->runController(Object(App\Controllers\Artikel))
10 SYSTEMPATH\CodeIgniter.php(354): CodeIgniter\CodeIgniter->handleRequest(null, Object(Config\Cache), false)
11 SYSTEMPATH\Boot.php(334): CodeIgniter\CodeIgniter->run()
12 SYSTEMPATH\Boot.php(67): CodeIgniter\Boot::runCodeIgniter(Object(CodeIgniter\CodeIgniter))
13 FCPATH\index.php(56): CodeIgniter\Boot::bootWeb(Object(Config\Paths))
14 SYSTEMPATH\rewrite.php(44): require_once('C:\\xampp\\htdocs\\Lab11Web\\ci4\\public\\index.php')
ERROR - 2025-05-24 03:51:34 --> mysqli_sql_exception: Table 'lab_ci4.artikel' doesn't exist in engine in C:\xampp\htdocs\Lab11Web\ci4\system\Database\MySQLi\Connection.php:327
Stack trace:
#0 C:\xampp\htdocs\Lab11Web\ci4\system\Database\MySQLi\Connection.php(327): mysqli->query('SELECT `artikel...', 0)
#1 C:\xampp\htdocs\Lab11Web\ci4\system\Database\BaseConnection.php(738): CodeIgniter\Database\MySQLi\Connection->execute('SELECT `artikel...')
#2 C:\xampp\htdocs\Lab11Web\ci4\system\Database\BaseConnection.php(652): CodeIgniter\Database\BaseConnection->simpleQuery('SELECT `artikel...')
#3 C:\xampp\htdocs\Lab11Web\ci4\system\Database\BaseBuilder.php(1649): CodeIgniter\Database\BaseConnection->query('SELECT `artikel...', Array, false)
#4 C:\xampp\htdocs\Lab11Web\ci4\system\Model.php(286): CodeIgniter\Database\BaseBuilder->get()
#5 C:\xampp\htdocs\Lab11Web\ci4\system\BaseModel.php(675): CodeIgniter\Model->doFindAll(0, 0)
#6 C:\xampp\htdocs\Lab11Web\ci4\app\Models\ArtikelModel.php(26): CodeIgniter\BaseModel->findAll()
#7 C:\xampp\htdocs\Lab11Web\ci4\app\Controllers\Artikel.php(19): App\Models\ArtikelModel->getArtikelDenganKategori()
#8 C:\xampp\htdocs\Lab11Web\ci4\system\CodeIgniter.php(933): App\Controllers\Artikel->index()
#9 C:\xampp\htdocs\Lab11Web\ci4\system\CodeIgniter.php(507): CodeIgniter\CodeIgniter->runController(Object(App\Controllers\Artikel))
#10 C:\xampp\htdocs\Lab11Web\ci4\system\CodeIgniter.php(354): CodeIgniter\CodeIgniter->handleRequest(NULL, Object(Config\Cache), false)
#11 C:\xampp\htdocs\Lab11Web\ci4\system\Boot.php(334): CodeIgniter\CodeIgniter->run()
#12 C:\xampp\htdocs\Lab11Web\ci4\system\Boot.php(67): CodeIgniter\Boot::runCodeIgniter(Object(CodeIgniter\CodeIgniter))
#13 C:\xampp\htdocs\Lab11Web\ci4\public\index.php(56): CodeIgniter\Boot::bootWeb(Object(Config\Paths))
#14 C:\xampp\htdocs\Lab11Web\ci4\system\rewrite.php(44): require_once('C:\\xampp\\htdocs...')
#15 {main}
CRITICAL - 2025-05-24 03:51:34 --> CodeIgniter\Database\Exceptions\DatabaseException: Table 'lab_ci4.artikel' doesn't exist in engine
[Method: GET, Route: artikel]
in SYSTEMPATH\Database\BaseConnection.php on line 692.
 1 SYSTEMPATH\Database\BaseBuilder.php(1649): CodeIgniter\Database\BaseConnection->query('SELECT `artikel`.*, `kategori`.`nama_kategori`
FROM `artikel`
JOIN `kategori` ON `kategori`.`id_kategori` = `artikel`.`id_kategori`', [], false)
 2 SYSTEMPATH\Model.php(286): CodeIgniter\Database\BaseBuilder->get()
 3 SYSTEMPATH\BaseModel.php(675): CodeIgniter\Model->doFindAll(0, 0)
 4 APPPATH\Models\ArtikelModel.php(26): CodeIgniter\BaseModel->findAll()
 5 APPPATH\Controllers\Artikel.php(19): App\Models\ArtikelModel->getArtikelDenganKategori()
 6 SYSTEMPATH\CodeIgniter.php(933): App\Controllers\Artikel->index()
 7 SYSTEMPATH\CodeIgniter.php(507): CodeIgniter\CodeIgniter->runController(Object(App\Controllers\Artikel))
 8 SYSTEMPATH\CodeIgniter.php(354): CodeIgniter\CodeIgniter->handleRequest(null, Object(Config\Cache), false)
 9 SYSTEMPATH\Boot.php(334): CodeIgniter\CodeIgniter->run()
10 SYSTEMPATH\Boot.php(67): CodeIgniter\Boot::runCodeIgniter(Object(CodeIgniter\CodeIgniter))
11 FCPATH\index.php(56): CodeIgniter\Boot::bootWeb(Object(Config\Paths))
12 SYSTEMPATH\rewrite.php(44): require_once('C:\\xampp\\htdocs\\Lab11Web\\ci4\\public\\index.php')
CRITICAL - 2025-05-24 03:51:34 --> [Caused by] CodeIgniter\Database\Exceptions\DatabaseException: Table 'lab_ci4.artikel' doesn't exist in engine
in SYSTEMPATH\Database\MySQLi\Connection.php on line 332.
 1 SYSTEMPATH\Database\BaseConnection.php(738): CodeIgniter\Database\MySQLi\Connection->execute('SELECT `artikel`.*, `kategori`.`nama_kategori`
FROM `artikel`
JOIN `kategori` ON `kategori`.`id_kategori` = `artikel`.`id_kategori`')
 2 SYSTEMPATH\Database\BaseConnection.php(652): CodeIgniter\Database\BaseConnection->simpleQuery('SELECT `artikel`.*, `kategori`.`nama_kategori`
FROM `artikel`
JOIN `kategori` ON `kategori`.`id_kategori` = `artikel`.`id_kategori`')
 3 SYSTEMPATH\Database\BaseBuilder.php(1649): CodeIgniter\Database\BaseConnection->query('SELECT `artikel`.*, `kategori`.`nama_kategori`
FROM `artikel`
JOIN `kategori` ON `kategori`.`id_kategori` = `artikel`.`id_kategori`', [], false)
 4 SYSTEMPATH\Model.php(286): CodeIgniter\Database\BaseBuilder->get()
 5 SYSTEMPATH\BaseModel.php(675): CodeIgniter\Model->doFindAll(0, 0)
 6 APPPATH\Models\ArtikelModel.php(26): CodeIgniter\BaseModel->findAll()
 7 APPPATH\Controllers\Artikel.php(19): App\Models\ArtikelModel->getArtikelDenganKategori()
 8 SYSTEMPATH\CodeIgniter.php(933): App\Controllers\Artikel->index()
 9 SYSTEMPATH\CodeIgniter.php(507): CodeIgniter\CodeIgniter->runController(Object(App\Controllers\Artikel))
10 SYSTEMPATH\CodeIgniter.php(354): CodeIgniter\CodeIgniter->handleRequest(null, Object(Config\Cache), false)
11 SYSTEMPATH\Boot.php(334): CodeIgniter\CodeIgniter->run()
12 SYSTEMPATH\Boot.php(67): CodeIgniter\Boot::runCodeIgniter(Object(CodeIgniter\CodeIgniter))
13 FCPATH\index.php(56): CodeIgniter\Boot::bootWeb(Object(Config\Paths))
14 SYSTEMPATH\rewrite.php(44): require_once('C:\\xampp\\htdocs\\Lab11Web\\ci4\\public\\index.php')
CRITICAL - 2025-05-24 03:51:34 --> [Caused by] mysqli_sql_exception: Table 'lab_ci4.artikel' doesn't exist in engine
in SYSTEMPATH\Database\MySQLi\Connection.php on line 327.
 1 SYSTEMPATH\Database\MySQLi\Connection.php(327): mysqli->query('SELECT `artikel`.*, `kategori`.`nama_kategori`
FROM `artikel`
JOIN `kategori` ON `kategori`.`id_kategori` = `artikel`.`id_kategori`', 0)
 2 SYSTEMPATH\Database\BaseConnection.php(738): CodeIgniter\Database\MySQLi\Connection->execute('SELECT `artikel`.*, `kategori`.`nama_kategori`
FROM `artikel`
JOIN `kategori` ON `kategori`.`id_kategori` = `artikel`.`id_kategori`')
 3 SYSTEMPATH\Database\BaseConnection.php(652): CodeIgniter\Database\BaseConnection->simpleQuery('SELECT `artikel`.*, `kategori`.`nama_kategori`
FROM `artikel`
JOIN `kategori` ON `kategori`.`id_kategori` = `artikel`.`id_kategori`')
 4 SYSTEMPATH\Database\BaseBuilder.php(1649): CodeIgniter\Database\BaseConnection->query('SELECT `artikel`.*, `kategori`.`nama_kategori`
FROM `artikel`
JOIN `kategori` ON `kategori`.`id_kategori` = `artikel`.`id_kategori`', [], false)
 5 SYSTEMPATH\Model.php(286): CodeIgniter\Database\BaseBuilder->get()
 6 SYSTEMPATH\BaseModel.php(675): CodeIgniter\Model->doFindAll(0, 0)
 7 APPPATH\Models\ArtikelModel.php(26): CodeIgniter\BaseModel->findAll()
 8 APPPATH\Controllers\Artikel.php(19): App\Models\ArtikelModel->getArtikelDenganKategori()
 9 SYSTEMPATH\CodeIgniter.php(933): App\Controllers\Artikel->index()
10 SYSTEMPATH\CodeIgniter.php(507): CodeIgniter\CodeIgniter->runController(Object(App\Controllers\Artikel))
11 SYSTEMPATH\CodeIgniter.php(354): CodeIgniter\CodeIgniter->handleRequest(null, Object(Config\Cache), false)
12 SYSTEMPATH\Boot.php(334): CodeIgniter\CodeIgniter->run()
13 SYSTEMPATH\Boot.php(67): CodeIgniter\Boot::runCodeIgniter(Object(CodeIgniter\CodeIgniter))
14 FCPATH\index.php(56): CodeIgniter\Boot::bootWeb(Object(Config\Paths))
15 SYSTEMPATH\rewrite.php(44): require_once('C:\\xampp\\htdocs\\Lab11Web\\ci4\\public\\index.php')
ERROR - 2025-05-24 03:52:33 --> mysqli_sql_exception: Table 'lab_ci4.artikel' doesn't exist in engine in C:\xampp\htdocs\Lab11Web\ci4\system\Database\MySQLi\Connection.php:327
Stack trace:
#0 C:\xampp\htdocs\Lab11Web\ci4\system\Database\MySQLi\Connection.php(327): mysqli->query('SELECT `artikel...', 0)
#1 C:\xampp\htdocs\Lab11Web\ci4\system\Database\BaseConnection.php(738): CodeIgniter\Database\MySQLi\Connection->execute('SELECT `artikel...')
#2 C:\xampp\htdocs\Lab11Web\ci4\system\Database\BaseConnection.php(652): CodeIgniter\Database\BaseConnection->simpleQuery('SELECT `artikel...')
#3 C:\xampp\htdocs\Lab11Web\ci4\system\Database\BaseBuilder.php(1649): CodeIgniter\Database\BaseConnection->query('SELECT `artikel...', Array, false)
#4 C:\xampp\htdocs\Lab11Web\ci4\system\Model.php(286): CodeIgniter\Database\BaseBuilder->get()
#5 C:\xampp\htdocs\Lab11Web\ci4\system\BaseModel.php(675): CodeIgniter\Model->doFindAll(0, 0)
#6 C:\xampp\htdocs\Lab11Web\ci4\app\Models\ArtikelModel.php(26): CodeIgniter\BaseModel->findAll()
#7 C:\xampp\htdocs\Lab11Web\ci4\app\Controllers\Artikel.php(19): App\Models\ArtikelModel->getArtikelDenganKategori()
#8 C:\xampp\htdocs\Lab11Web\ci4\system\CodeIgniter.php(933): App\Controllers\Artikel->index()
#9 C:\xampp\htdocs\Lab11Web\ci4\system\CodeIgniter.php(507): CodeIgniter\CodeIgniter->runController(Object(App\Controllers\Artikel))
#10 C:\xampp\htdocs\Lab11Web\ci4\system\CodeIgniter.php(354): CodeIgniter\CodeIgniter->handleRequest(NULL, Object(Config\Cache), false)
#11 C:\xampp\htdocs\Lab11Web\ci4\system\Boot.php(334): CodeIgniter\CodeIgniter->run()
#12 C:\xampp\htdocs\Lab11Web\ci4\system\Boot.php(67): CodeIgniter\Boot::runCodeIgniter(Object(CodeIgniter\CodeIgniter))
#13 C:\xampp\htdocs\Lab11Web\ci4\public\index.php(56): CodeIgniter\Boot::bootWeb(Object(Config\Paths))
#14 C:\xampp\htdocs\Lab11Web\ci4\system\rewrite.php(44): require_once('C:\\xampp\\htdocs...')
#15 {main}
CRITICAL - 2025-05-24 03:52:33 --> CodeIgniter\Database\Exceptions\DatabaseException: Table 'lab_ci4.artikel' doesn't exist in engine
[Method: GET, Route: artikel]
in SYSTEMPATH\Database\BaseConnection.php on line 692.
 1 SYSTEMPATH\Database\BaseBuilder.php(1649): CodeIgniter\Database\BaseConnection->query('SELECT `artikel`.*, `kategori`.`nama_kategori`
FROM `artikel`
JOIN `kategori` ON `kategori`.`id_kategori` = `artikel`.`id_kategori`', [], false)
 2 SYSTEMPATH\Model.php(286): CodeIgniter\Database\BaseBuilder->get()
 3 SYSTEMPATH\BaseModel.php(675): CodeIgniter\Model->doFindAll(0, 0)
 4 APPPATH\Models\ArtikelModel.php(26): CodeIgniter\BaseModel->findAll()
 5 APPPATH\Controllers\Artikel.php(19): App\Models\ArtikelModel->getArtikelDenganKategori()
 6 SYSTEMPATH\CodeIgniter.php(933): App\Controllers\Artikel->index()
 7 SYSTEMPATH\CodeIgniter.php(507): CodeIgniter\CodeIgniter->runController(Object(App\Controllers\Artikel))
 8 SYSTEMPATH\CodeIgniter.php(354): CodeIgniter\CodeIgniter->handleRequest(null, Object(Config\Cache), false)
 9 SYSTEMPATH\Boot.php(334): CodeIgniter\CodeIgniter->run()
10 SYSTEMPATH\Boot.php(67): CodeIgniter\Boot::runCodeIgniter(Object(CodeIgniter\CodeIgniter))
11 FCPATH\index.php(56): CodeIgniter\Boot::bootWeb(Object(Config\Paths))
12 SYSTEMPATH\rewrite.php(44): require_once('C:\\xampp\\htdocs\\Lab11Web\\ci4\\public\\index.php')
CRITICAL - 2025-05-24 03:52:33 --> [Caused by] CodeIgniter\Database\Exceptions\DatabaseException: Table 'lab_ci4.artikel' doesn't exist in engine
in SYSTEMPATH\Database\MySQLi\Connection.php on line 332.
 1 SYSTEMPATH\Database\BaseConnection.php(738): CodeIgniter\Database\MySQLi\Connection->execute('SELECT `artikel`.*, `kategori`.`nama_kategori`
FROM `artikel`
JOIN `kategori` ON `kategori`.`id_kategori` = `artikel`.`id_kategori`')
 2 SYSTEMPATH\Database\BaseConnection.php(652): CodeIgniter\Database\BaseConnection->simpleQuery('SELECT `artikel`.*, `kategori`.`nama_kategori`
FROM `artikel`
JOIN `kategori` ON `kategori`.`id_kategori` = `artikel`.`id_kategori`')
 3 SYSTEMPATH\Database\BaseBuilder.php(1649): CodeIgniter\Database\BaseConnection->query('SELECT `artikel`.*, `kategori`.`nama_kategori`
FROM `artikel`
JOIN `kategori` ON `kategori`.`id_kategori` = `artikel`.`id_kategori`', [], false)
 4 SYSTEMPATH\Model.php(286): CodeIgniter\Database\BaseBuilder->get()
 5 SYSTEMPATH\BaseModel.php(675): CodeIgniter\Model->doFindAll(0, 0)
 6 APPPATH\Models\ArtikelModel.php(26): CodeIgniter\BaseModel->findAll()
 7 APPPATH\Controllers\Artikel.php(19): App\Models\ArtikelModel->getArtikelDenganKategori()
 8 SYSTEMPATH\CodeIgniter.php(933): App\Controllers\Artikel->index()
 9 SYSTEMPATH\CodeIgniter.php(507): CodeIgniter\CodeIgniter->runController(Object(App\Controllers\Artikel))
10 SYSTEMPATH\CodeIgniter.php(354): CodeIgniter\CodeIgniter->handleRequest(null, Object(Config\Cache), false)
11 SYSTEMPATH\Boot.php(334): CodeIgniter\CodeIgniter->run()
12 SYSTEMPATH\Boot.php(67): CodeIgniter\Boot::runCodeIgniter(Object(CodeIgniter\CodeIgniter))
13 FCPATH\index.php(56): CodeIgniter\Boot::bootWeb(Object(Config\Paths))
14 SYSTEMPATH\rewrite.php(44): require_once('C:\\xampp\\htdocs\\Lab11Web\\ci4\\public\\index.php')
CRITICAL - 2025-05-24 03:52:33 --> [Caused by] mysqli_sql_exception: Table 'lab_ci4.artikel' doesn't exist in engine
in SYSTEMPATH\Database\MySQLi\Connection.php on line 327.
 1 SYSTEMPATH\Database\MySQLi\Connection.php(327): mysqli->query('SELECT `artikel`.*, `kategori`.`nama_kategori`
FROM `artikel`
JOIN `kategori` ON `kategori`.`id_kategori` = `artikel`.`id_kategori`', 0)
 2 SYSTEMPATH\Database\BaseConnection.php(738): CodeIgniter\Database\MySQLi\Connection->execute('SELECT `artikel`.*, `kategori`.`nama_kategori`
FROM `artikel`
JOIN `kategori` ON `kategori`.`id_kategori` = `artikel`.`id_kategori`')
 3 SYSTEMPATH\Database\BaseConnection.php(652): CodeIgniter\Database\BaseConnection->simpleQuery('SELECT `artikel`.*, `kategori`.`nama_kategori`
FROM `artikel`
JOIN `kategori` ON `kategori`.`id_kategori` = `artikel`.`id_kategori`')
 4 SYSTEMPATH\Database\BaseBuilder.php(1649): CodeIgniter\Database\BaseConnection->query('SELECT `artikel`.*, `kategori`.`nama_kategori`
FROM `artikel`
JOIN `kategori` ON `kategori`.`id_kategori` = `artikel`.`id_kategori`', [], false)
 5 SYSTEMPATH\Model.php(286): CodeIgniter\Database\BaseBuilder->get()
 6 SYSTEMPATH\BaseModel.php(675): CodeIgniter\Model->doFindAll(0, 0)
 7 APPPATH\Models\ArtikelModel.php(26): CodeIgniter\BaseModel->findAll()
 8 APPPATH\Controllers\Artikel.php(19): App\Models\ArtikelModel->getArtikelDenganKategori()
 9 SYSTEMPATH\CodeIgniter.php(933): App\Controllers\Artikel->index()
10 SYSTEMPATH\CodeIgniter.php(507): CodeIgniter\CodeIgniter->runController(Object(App\Controllers\Artikel))
11 SYSTEMPATH\CodeIgniter.php(354): CodeIgniter\CodeIgniter->handleRequest(null, Object(Config\Cache), false)
12 SYSTEMPATH\Boot.php(334): CodeIgniter\CodeIgniter->run()
13 SYSTEMPATH\Boot.php(67): CodeIgniter\Boot::runCodeIgniter(Object(CodeIgniter\CodeIgniter))
14 FCPATH\index.php(56): CodeIgniter\Boot::bootWeb(Object(Config\Paths))
15 SYSTEMPATH\rewrite.php(44): require_once('C:\\xampp\\htdocs\\Lab11Web\\ci4\\public\\index.php')
ERROR - 2025-05-24 03:52:36 --> mysqli_sql_exception: Table 'lab_ci4.artikel' doesn't exist in engine in C:\xampp\htdocs\Lab11Web\ci4\system\Database\MySQLi\Connection.php:327
Stack trace:
#0 C:\xampp\htdocs\Lab11Web\ci4\system\Database\MySQLi\Connection.php(327): mysqli->query('SELECT `artikel...', 0)
#1 C:\xampp\htdocs\Lab11Web\ci4\system\Database\BaseConnection.php(738): CodeIgniter\Database\MySQLi\Connection->execute('SELECT `artikel...')
#2 C:\xampp\htdocs\Lab11Web\ci4\system\Database\BaseConnection.php(652): CodeIgniter\Database\BaseConnection->simpleQuery('SELECT `artikel...')
#3 C:\xampp\htdocs\Lab11Web\ci4\system\Database\BaseBuilder.php(1649): CodeIgniter\Database\BaseConnection->query('SELECT `artikel...', Array, false)
#4 C:\xampp\htdocs\Lab11Web\ci4\system\Model.php(286): CodeIgniter\Database\BaseBuilder->get()
#5 C:\xampp\htdocs\Lab11Web\ci4\system\BaseModel.php(675): CodeIgniter\Model->doFindAll(0, 0)
#6 C:\xampp\htdocs\Lab11Web\ci4\app\Models\ArtikelModel.php(26): CodeIgniter\BaseModel->findAll()
#7 C:\xampp\htdocs\Lab11Web\ci4\app\Controllers\Artikel.php(19): App\Models\ArtikelModel->getArtikelDenganKategori()
#8 C:\xampp\htdocs\Lab11Web\ci4\system\CodeIgniter.php(933): App\Controllers\Artikel->index()
#9 C:\xampp\htdocs\Lab11Web\ci4\system\CodeIgniter.php(507): CodeIgniter\CodeIgniter->runController(Object(App\Controllers\Artikel))
#10 C:\xampp\htdocs\Lab11Web\ci4\system\CodeIgniter.php(354): CodeIgniter\CodeIgniter->handleRequest(NULL, Object(Config\Cache), false)
#11 C:\xampp\htdocs\Lab11Web\ci4\system\Boot.php(334): CodeIgniter\CodeIgniter->run()
#12 C:\xampp\htdocs\Lab11Web\ci4\system\Boot.php(67): CodeIgniter\Boot::runCodeIgniter(Object(CodeIgniter\CodeIgniter))
#13 C:\xampp\htdocs\Lab11Web\ci4\public\index.php(56): CodeIgniter\Boot::bootWeb(Object(Config\Paths))
#14 C:\xampp\htdocs\Lab11Web\ci4\system\rewrite.php(44): require_once('C:\\xampp\\htdocs...')
#15 {main}
CRITICAL - 2025-05-24 03:52:36 --> CodeIgniter\Database\Exceptions\DatabaseException: Table 'lab_ci4.artikel' doesn't exist in engine
[Method: GET, Route: artikel]
in SYSTEMPATH\Database\BaseConnection.php on line 692.
 1 SYSTEMPATH\Database\BaseBuilder.php(1649): CodeIgniter\Database\BaseConnection->query('SELECT `artikel`.*, `kategori`.`nama_kategori`
FROM `artikel`
JOIN `kategori` ON `kategori`.`id_kategori` = `artikel`.`id_kategori`', [], false)
 2 SYSTEMPATH\Model.php(286): CodeIgniter\Database\BaseBuilder->get()
 3 SYSTEMPATH\BaseModel.php(675): CodeIgniter\Model->doFindAll(0, 0)
 4 APPPATH\Models\ArtikelModel.php(26): CodeIgniter\BaseModel->findAll()
 5 APPPATH\Controllers\Artikel.php(19): App\Models\ArtikelModel->getArtikelDenganKategori()
 6 SYSTEMPATH\CodeIgniter.php(933): App\Controllers\Artikel->index()
 7 SYSTEMPATH\CodeIgniter.php(507): CodeIgniter\CodeIgniter->runController(Object(App\Controllers\Artikel))
 8 SYSTEMPATH\CodeIgniter.php(354): CodeIgniter\CodeIgniter->handleRequest(null, Object(Config\Cache), false)
 9 SYSTEMPATH\Boot.php(334): CodeIgniter\CodeIgniter->run()
10 SYSTEMPATH\Boot.php(67): CodeIgniter\Boot::runCodeIgniter(Object(CodeIgniter\CodeIgniter))
11 FCPATH\index.php(56): CodeIgniter\Boot::bootWeb(Object(Config\Paths))
12 SYSTEMPATH\rewrite.php(44): require_once('C:\\xampp\\htdocs\\Lab11Web\\ci4\\public\\index.php')
CRITICAL - 2025-05-24 03:52:36 --> [Caused by] CodeIgniter\Database\Exceptions\DatabaseException: Table 'lab_ci4.artikel' doesn't exist in engine
in SYSTEMPATH\Database\MySQLi\Connection.php on line 332.
 1 SYSTEMPATH\Database\BaseConnection.php(738): CodeIgniter\Database\MySQLi\Connection->execute('SELECT `artikel`.*, `kategori`.`nama_kategori`
FROM `artikel`
JOIN `kategori` ON `kategori`.`id_kategori` = `artikel`.`id_kategori`')
 2 SYSTEMPATH\Database\BaseConnection.php(652): CodeIgniter\Database\BaseConnection->simpleQuery('SELECT `artikel`.*, `kategori`.`nama_kategori`
FROM `artikel`
JOIN `kategori` ON `kategori`.`id_kategori` = `artikel`.`id_kategori`')
 3 SYSTEMPATH\Database\BaseBuilder.php(1649): CodeIgniter\Database\BaseConnection->query('SELECT `artikel`.*, `kategori`.`nama_kategori`
FROM `artikel`
JOIN `kategori` ON `kategori`.`id_kategori` = `artikel`.`id_kategori`', [], false)
 4 SYSTEMPATH\Model.php(286): CodeIgniter\Database\BaseBuilder->get()
 5 SYSTEMPATH\BaseModel.php(675): CodeIgniter\Model->doFindAll(0, 0)
 6 APPPATH\Models\ArtikelModel.php(26): CodeIgniter\BaseModel->findAll()
 7 APPPATH\Controllers\Artikel.php(19): App\Models\ArtikelModel->getArtikelDenganKategori()
 8 SYSTEMPATH\CodeIgniter.php(933): App\Controllers\Artikel->index()
 9 SYSTEMPATH\CodeIgniter.php(507): CodeIgniter\CodeIgniter->runController(Object(App\Controllers\Artikel))
10 SYSTEMPATH\CodeIgniter.php(354): CodeIgniter\CodeIgniter->handleRequest(null, Object(Config\Cache), false)
11 SYSTEMPATH\Boot.php(334): CodeIgniter\CodeIgniter->run()
12 SYSTEMPATH\Boot.php(67): CodeIgniter\Boot::runCodeIgniter(Object(CodeIgniter\CodeIgniter))
13 FCPATH\index.php(56): CodeIgniter\Boot::bootWeb(Object(Config\Paths))
14 SYSTEMPATH\rewrite.php(44): require_once('C:\\xampp\\htdocs\\Lab11Web\\ci4\\public\\index.php')
CRITICAL - 2025-05-24 03:52:36 --> [Caused by] mysqli_sql_exception: Table 'lab_ci4.artikel' doesn't exist in engine
in SYSTEMPATH\Database\MySQLi\Connection.php on line 327.
 1 SYSTEMPATH\Database\MySQLi\Connection.php(327): mysqli->query('SELECT `artikel`.*, `kategori`.`nama_kategori`
FROM `artikel`
JOIN `kategori` ON `kategori`.`id_kategori` = `artikel`.`id_kategori`', 0)
 2 SYSTEMPATH\Database\BaseConnection.php(738): CodeIgniter\Database\MySQLi\Connection->execute('SELECT `artikel`.*, `kategori`.`nama_kategori`
FROM `artikel`
JOIN `kategori` ON `kategori`.`id_kategori` = `artikel`.`id_kategori`')
 3 SYSTEMPATH\Database\BaseConnection.php(652): CodeIgniter\Database\BaseConnection->simpleQuery('SELECT `artikel`.*, `kategori`.`nama_kategori`
FROM `artikel`
JOIN `kategori` ON `kategori`.`id_kategori` = `artikel`.`id_kategori`')
 4 SYSTEMPATH\Database\BaseBuilder.php(1649): CodeIgniter\Database\BaseConnection->query('SELECT `artikel`.*, `kategori`.`nama_kategori`
FROM `artikel`
JOIN `kategori` ON `kategori`.`id_kategori` = `artikel`.`id_kategori`', [], false)
 5 SYSTEMPATH\Model.php(286): CodeIgniter\Database\BaseBuilder->get()
 6 SYSTEMPATH\BaseModel.php(675): CodeIgniter\Model->doFindAll(0, 0)
 7 APPPATH\Models\ArtikelModel.php(26): CodeIgniter\BaseModel->findAll()
 8 APPPATH\Controllers\Artikel.php(19): App\Models\ArtikelModel->getArtikelDenganKategori()
 9 SYSTEMPATH\CodeIgniter.php(933): App\Controllers\Artikel->index()
10 SYSTEMPATH\CodeIgniter.php(507): CodeIgniter\CodeIgniter->runController(Object(App\Controllers\Artikel))
11 SYSTEMPATH\CodeIgniter.php(354): CodeIgniter\CodeIgniter->handleRequest(null, Object(Config\Cache), false)
12 SYSTEMPATH\Boot.php(334): CodeIgniter\CodeIgniter->run()
13 SYSTEMPATH\Boot.php(67): CodeIgniter\Boot::runCodeIgniter(Object(CodeIgniter\CodeIgniter))
14 FCPATH\index.php(56): CodeIgniter\Boot::bootWeb(Object(Config\Paths))
15 SYSTEMPATH\rewrite.php(44): require_once('C:\\xampp\\htdocs\\Lab11Web\\ci4\\public\\index.php')
ERROR - 2025-05-24 03:53:31 --> mysqli_sql_exception: Table 'lab_ci4.artikel' doesn't exist in engine in C:\xampp\htdocs\Lab11Web\ci4\system\Database\MySQLi\Connection.php:327
Stack trace:
#0 C:\xampp\htdocs\Lab11Web\ci4\system\Database\MySQLi\Connection.php(327): mysqli->query('SELECT `artikel...', 0)
#1 C:\xampp\htdocs\Lab11Web\ci4\system\Database\BaseConnection.php(738): CodeIgniter\Database\MySQLi\Connection->execute('SELECT `artikel...')
#2 C:\xampp\htdocs\Lab11Web\ci4\system\Database\BaseConnection.php(652): CodeIgniter\Database\BaseConnection->simpleQuery('SELECT `artikel...')
#3 C:\xampp\htdocs\Lab11Web\ci4\system\Database\BaseBuilder.php(1649): CodeIgniter\Database\BaseConnection->query('SELECT `artikel...', Array, false)
#4 C:\xampp\htdocs\Lab11Web\ci4\system\Model.php(286): CodeIgniter\Database\BaseBuilder->get()
#5 C:\xampp\htdocs\Lab11Web\ci4\system\BaseModel.php(675): CodeIgniter\Model->doFindAll(0, 0)
#6 C:\xampp\htdocs\Lab11Web\ci4\app\Models\ArtikelModel.php(26): CodeIgniter\BaseModel->findAll()
#7 C:\xampp\htdocs\Lab11Web\ci4\app\Controllers\Artikel.php(19): App\Models\ArtikelModel->getArtikelDenganKategori()
#8 C:\xampp\htdocs\Lab11Web\ci4\system\CodeIgniter.php(933): App\Controllers\Artikel->index()
#9 C:\xampp\htdocs\Lab11Web\ci4\system\CodeIgniter.php(507): CodeIgniter\CodeIgniter->runController(Object(App\Controllers\Artikel))
#10 C:\xampp\htdocs\Lab11Web\ci4\system\CodeIgniter.php(354): CodeIgniter\CodeIgniter->handleRequest(NULL, Object(Config\Cache), false)
#11 C:\xampp\htdocs\Lab11Web\ci4\system\Boot.php(334): CodeIgniter\CodeIgniter->run()
#12 C:\xampp\htdocs\Lab11Web\ci4\system\Boot.php(67): CodeIgniter\Boot::runCodeIgniter(Object(CodeIgniter\CodeIgniter))
#13 C:\xampp\htdocs\Lab11Web\ci4\public\index.php(56): CodeIgniter\Boot::bootWeb(Object(Config\Paths))
#14 C:\xampp\htdocs\Lab11Web\ci4\system\rewrite.php(44): require_once('C:\\xampp\\htdocs...')
#15 {main}
CRITICAL - 2025-05-24 03:53:31 --> CodeIgniter\Database\Exceptions\DatabaseException: Table 'lab_ci4.artikel' doesn't exist in engine
[Method: GET, Route: artikel]
in SYSTEMPATH\Database\BaseConnection.php on line 692.
 1 SYSTEMPATH\Database\BaseBuilder.php(1649): CodeIgniter\Database\BaseConnection->query('SELECT `artikel`.*, `kategori`.`nama_kategori`
FROM `artikel`
JOIN `kategori` ON `kategori`.`id_kategori` = `artikel`.`id_kategori`', [], false)
 2 SYSTEMPATH\Model.php(286): CodeIgniter\Database\BaseBuilder->get()
 3 SYSTEMPATH\BaseModel.php(675): CodeIgniter\Model->doFindAll(0, 0)
 4 APPPATH\Models\ArtikelModel.php(26): CodeIgniter\BaseModel->findAll()
 5 APPPATH\Controllers\Artikel.php(19): App\Models\ArtikelModel->getArtikelDenganKategori()
 6 SYSTEMPATH\CodeIgniter.php(933): App\Controllers\Artikel->index()
 7 SYSTEMPATH\CodeIgniter.php(507): CodeIgniter\CodeIgniter->runController(Object(App\Controllers\Artikel))
 8 SYSTEMPATH\CodeIgniter.php(354): CodeIgniter\CodeIgniter->handleRequest(null, Object(Config\Cache), false)
 9 SYSTEMPATH\Boot.php(334): CodeIgniter\CodeIgniter->run()
10 SYSTEMPATH\Boot.php(67): CodeIgniter\Boot::runCodeIgniter(Object(CodeIgniter\CodeIgniter))
11 FCPATH\index.php(56): CodeIgniter\Boot::bootWeb(Object(Config\Paths))
12 SYSTEMPATH\rewrite.php(44): require_once('C:\\xampp\\htdocs\\Lab11Web\\ci4\\public\\index.php')
CRITICAL - 2025-05-24 03:53:31 --> [Caused by] CodeIgniter\Database\Exceptions\DatabaseException: Table 'lab_ci4.artikel' doesn't exist in engine
in SYSTEMPATH\Database\MySQLi\Connection.php on line 332.
 1 SYSTEMPATH\Database\BaseConnection.php(738): CodeIgniter\Database\MySQLi\Connection->execute('SELECT `artikel`.*, `kategori`.`nama_kategori`
FROM `artikel`
JOIN `kategori` ON `kategori`.`id_kategori` = `artikel`.`id_kategori`')
 2 SYSTEMPATH\Database\BaseConnection.php(652): CodeIgniter\Database\BaseConnection->simpleQuery('SELECT `artikel`.*, `kategori`.`nama_kategori`
FROM `artikel`
JOIN `kategori` ON `kategori`.`id_kategori` = `artikel`.`id_kategori`')
 3 SYSTEMPATH\Database\BaseBuilder.php(1649): CodeIgniter\Database\BaseConnection->query('SELECT `artikel`.*, `kategori`.`nama_kategori`
FROM `artikel`
JOIN `kategori` ON `kategori`.`id_kategori` = `artikel`.`id_kategori`', [], false)
 4 SYSTEMPATH\Model.php(286): CodeIgniter\Database\BaseBuilder->get()
 5 SYSTEMPATH\BaseModel.php(675): CodeIgniter\Model->doFindAll(0, 0)
 6 APPPATH\Models\ArtikelModel.php(26): CodeIgniter\BaseModel->findAll()
 7 APPPATH\Controllers\Artikel.php(19): App\Models\ArtikelModel->getArtikelDenganKategori()
 8 SYSTEMPATH\CodeIgniter.php(933): App\Controllers\Artikel->index()
 9 SYSTEMPATH\CodeIgniter.php(507): CodeIgniter\CodeIgniter->runController(Object(App\Controllers\Artikel))
10 SYSTEMPATH\CodeIgniter.php(354): CodeIgniter\CodeIgniter->handleRequest(null, Object(Config\Cache), false)
11 SYSTEMPATH\Boot.php(334): CodeIgniter\CodeIgniter->run()
12 SYSTEMPATH\Boot.php(67): CodeIgniter\Boot::runCodeIgniter(Object(CodeIgniter\CodeIgniter))
13 FCPATH\index.php(56): CodeIgniter\Boot::bootWeb(Object(Config\Paths))
14 SYSTEMPATH\rewrite.php(44): require_once('C:\\xampp\\htdocs\\Lab11Web\\ci4\\public\\index.php')
CRITICAL - 2025-05-24 03:53:31 --> [Caused by] mysqli_sql_exception: Table 'lab_ci4.artikel' doesn't exist in engine
in SYSTEMPATH\Database\MySQLi\Connection.php on line 327.
 1 SYSTEMPATH\Database\MySQLi\Connection.php(327): mysqli->query('SELECT `artikel`.*, `kategori`.`nama_kategori`
FROM `artikel`
JOIN `kategori` ON `kategori`.`id_kategori` = `artikel`.`id_kategori`', 0)
 2 SYSTEMPATH\Database\BaseConnection.php(738): CodeIgniter\Database\MySQLi\Connection->execute('SELECT `artikel`.*, `kategori`.`nama_kategori`
FROM `artikel`
JOIN `kategori` ON `kategori`.`id_kategori` = `artikel`.`id_kategori`')
 3 SYSTEMPATH\Database\BaseConnection.php(652): CodeIgniter\Database\BaseConnection->simpleQuery('SELECT `artikel`.*, `kategori`.`nama_kategori`
FROM `artikel`
JOIN `kategori` ON `kategori`.`id_kategori` = `artikel`.`id_kategori`')
 4 SYSTEMPATH\Database\BaseBuilder.php(1649): CodeIgniter\Database\BaseConnection->query('SELECT `artikel`.*, `kategori`.`nama_kategori`
FROM `artikel`
JOIN `kategori` ON `kategori`.`id_kategori` = `artikel`.`id_kategori`', [], false)
 5 SYSTEMPATH\Model.php(286): CodeIgniter\Database\BaseBuilder->get()
 6 SYSTEMPATH\BaseModel.php(675): CodeIgniter\Model->doFindAll(0, 0)
 7 APPPATH\Models\ArtikelModel.php(26): CodeIgniter\BaseModel->findAll()
 8 APPPATH\Controllers\Artikel.php(19): App\Models\ArtikelModel->getArtikelDenganKategori()
 9 SYSTEMPATH\CodeIgniter.php(933): App\Controllers\Artikel->index()
10 SYSTEMPATH\CodeIgniter.php(507): CodeIgniter\CodeIgniter->runController(Object(App\Controllers\Artikel))
11 SYSTEMPATH\CodeIgniter.php(354): CodeIgniter\CodeIgniter->handleRequest(null, Object(Config\Cache), false)
12 SYSTEMPATH\Boot.php(334): CodeIgniter\CodeIgniter->run()
13 SYSTEMPATH\Boot.php(67): CodeIgniter\Boot::runCodeIgniter(Object(CodeIgniter\CodeIgniter))
14 FCPATH\index.php(56): CodeIgniter\Boot::bootWeb(Object(Config\Paths))
15 SYSTEMPATH\rewrite.php(44): require_once('C:\\xampp\\htdocs\\Lab11Web\\ci4\\public\\index.php')
ERROR - 2025-05-24 04:17:07 --> Error connecting to the database: mysqli_sql_exception: No connection could be made because the target machine actively refused it in C:\xampp\htdocs\Lab11Web\ci4\system\Database\MySQLi\Connection.php:201
Stack trace:
#0 C:\xampp\htdocs\Lab11Web\ci4\system\Database\MySQLi\Connection.php(201): mysqli->real_connect('localhost', 'root', Object(SensitiveParameterValue), 'lab_ci4', 3306, '', 0)
#1 C:\xampp\htdocs\Lab11Web\ci4\system\Database\BaseConnection.php(421): CodeIgniter\Database\MySQLi\Connection->connect(false)
#2 C:\xampp\htdocs\Lab11Web\ci4\system\Database\BaseConnection.php(620): CodeIgniter\Database\BaseConnection->initialize()
#3 C:\xampp\htdocs\Lab11Web\ci4\system\Database\BaseBuilder.php(1649): CodeIgniter\Database\BaseConnection->query('SELECT `artikel...', Array, false)
#4 C:\xampp\htdocs\Lab11Web\ci4\system\Model.php(286): CodeIgniter\Database\BaseBuilder->get()
#5 C:\xampp\htdocs\Lab11Web\ci4\system\BaseModel.php(675): CodeIgniter\Model->doFindAll(0, 0)
#6 C:\xampp\htdocs\Lab11Web\ci4\app\Models\ArtikelModel.php(26): CodeIgniter\BaseModel->findAll()
#7 C:\xampp\htdocs\Lab11Web\ci4\app\Controllers\Artikel.php(19): App\Models\ArtikelModel->getArtikelDenganKategori()
#8 C:\xampp\htdocs\Lab11Web\ci4\system\CodeIgniter.php(933): App\Controllers\Artikel->index()
#9 C:\xampp\htdocs\Lab11Web\ci4\system\CodeIgniter.php(507): CodeIgniter\CodeIgniter->runController(Object(App\Controllers\Artikel))
#10 C:\xampp\htdocs\Lab11Web\ci4\system\CodeIgniter.php(354): CodeIgniter\CodeIgniter->handleRequest(NULL, Object(Config\Cache), false)
#11 C:\xampp\htdocs\Lab11Web\ci4\system\Boot.php(334): CodeIgniter\CodeIgniter->run()
#12 C:\xampp\htdocs\Lab11Web\ci4\system\Boot.php(67): CodeIgniter\Boot::runCodeIgniter(Object(CodeIgniter\CodeIgniter))
#13 C:\xampp\htdocs\Lab11Web\ci4\public\index.php(56): CodeIgniter\Boot::bootWeb(Object(Config\Paths))
#14 C:\xampp\htdocs\Lab11Web\ci4\system\rewrite.php(44): require_once('C:\\xampp\\htdocs...')
#15 {main}

Next CodeIgniter\Database\Exceptions\DatabaseException: No connection could be made because the target machine actively refused it in C:\xampp\htdocs\Lab11Web\ci4\system\Database\MySQLi\Connection.php:246
Stack trace:
#0 C:\xampp\htdocs\Lab11Web\ci4\system\Database\BaseConnection.php(421): CodeIgniter\Database\MySQLi\Connection->connect(false)
#1 C:\xampp\htdocs\Lab11Web\ci4\system\Database\BaseConnection.php(620): CodeIgniter\Database\BaseConnection->initialize()
#2 C:\xampp\htdocs\Lab11Web\ci4\system\Database\BaseBuilder.php(1649): CodeIgniter\Database\BaseConnection->query('SELECT `artikel...', Array, false)
#3 C:\xampp\htdocs\Lab11Web\ci4\system\Model.php(286): CodeIgniter\Database\BaseBuilder->get()
#4 C:\xampp\htdocs\Lab11Web\ci4\system\BaseModel.php(675): CodeIgniter\Model->doFindAll(0, 0)
#5 C:\xampp\htdocs\Lab11Web\ci4\app\Models\ArtikelModel.php(26): CodeIgniter\BaseModel->findAll()
#6 C:\xampp\htdocs\Lab11Web\ci4\app\Controllers\Artikel.php(19): App\Models\ArtikelModel->getArtikelDenganKategori()
#7 C:\xampp\htdocs\Lab11Web\ci4\system\CodeIgniter.php(933): App\Controllers\Artikel->index()
#8 C:\xampp\htdocs\Lab11Web\ci4\system\CodeIgniter.php(507): CodeIgniter\CodeIgniter->runController(Object(App\Controllers\Artikel))
#9 C:\xampp\htdocs\Lab11Web\ci4\system\CodeIgniter.php(354): CodeIgniter\CodeIgniter->handleRequest(NULL, Object(Config\Cache), false)
#10 C:\xampp\htdocs\Lab11Web\ci4\system\Boot.php(334): CodeIgniter\CodeIgniter->run()
#11 C:\xampp\htdocs\Lab11Web\ci4\system\Boot.php(67): CodeIgniter\Boot::runCodeIgniter(Object(CodeIgniter\CodeIgniter))
#12 C:\xampp\htdocs\Lab11Web\ci4\public\index.php(56): CodeIgniter\Boot::bootWeb(Object(Config\Paths))
#13 C:\xampp\htdocs\Lab11Web\ci4\system\rewrite.php(44): require_once('C:\\xampp\\htdocs...')
#14 {main}
CRITICAL - 2025-05-24 04:17:07 --> CodeIgniter\Database\Exceptions\DatabaseException: Unable to connect to the database.
Main connection [MySQLi]: No connection could be made because the target machine actively refused it
[Method: GET, Route: artikel]
in SYSTEMPATH\Database\BaseConnection.php on line 467.
 1 SYSTEMPATH\Database\BaseConnection.php(620): CodeIgniter\Database\BaseConnection->initialize()
 2 SYSTEMPATH\Database\BaseBuilder.php(1649): CodeIgniter\Database\BaseConnection->query('SELECT `artikel`.*, `kategori`.`nama_kategori`
FROM `artikel`
JOIN `kategori` ON `kategori`.`id_kategori` = `artikel`.`id_kategori`', [], false)
 3 SYSTEMPATH\Model.php(286): CodeIgniter\Database\BaseBuilder->get()
 4 SYSTEMPATH\BaseModel.php(675): CodeIgniter\Model->doFindAll(0, 0)
 5 APPPATH\Models\ArtikelModel.php(26): CodeIgniter\BaseModel->findAll()
 6 APPPATH\Controllers\Artikel.php(19): App\Models\ArtikelModel->getArtikelDenganKategori()
 7 SYSTEMPATH\CodeIgniter.php(933): App\Controllers\Artikel->index()
 8 SYSTEMPATH\CodeIgniter.php(507): CodeIgniter\CodeIgniter->runController(Object(App\Controllers\Artikel))
 9 SYSTEMPATH\CodeIgniter.php(354): CodeIgniter\CodeIgniter->handleRequest(null, Object(Config\Cache), false)
10 SYSTEMPATH\Boot.php(334): CodeIgniter\CodeIgniter->run()
11 SYSTEMPATH\Boot.php(67): CodeIgniter\Boot::runCodeIgniter(Object(CodeIgniter\CodeIgniter))
12 FCPATH\index.php(56): CodeIgniter\Boot::bootWeb(Object(Config\Paths))
13 SYSTEMPATH\rewrite.php(44): require_once('C:\\xampp\\htdocs\\Lab11Web\\ci4\\public\\index.php')
ERROR - 2025-05-24 04:17:39 --> Error connecting to the database: mysqli_sql_exception: No connection could be made because the target machine actively refused it in C:\xampp\htdocs\Lab11Web\ci4\system\Database\MySQLi\Connection.php:201
Stack trace:
#0 C:\xampp\htdocs\Lab11Web\ci4\system\Database\MySQLi\Connection.php(201): mysqli->real_connect('localhost', 'root', Object(SensitiveParameterValue), 'lab_ci4', 3306, '', 0)
#1 C:\xampp\htdocs\Lab11Web\ci4\system\Database\BaseConnection.php(421): CodeIgniter\Database\MySQLi\Connection->connect(false)
#2 C:\xampp\htdocs\Lab11Web\ci4\system\Database\BaseConnection.php(620): CodeIgniter\Database\BaseConnection->initialize()
#3 C:\xampp\htdocs\Lab11Web\ci4\system\Database\BaseBuilder.php(1649): CodeIgniter\Database\BaseConnection->query('SELECT `artikel...', Array, false)
#4 C:\xampp\htdocs\Lab11Web\ci4\system\Model.php(286): CodeIgniter\Database\BaseBuilder->get()
#5 C:\xampp\htdocs\Lab11Web\ci4\system\BaseModel.php(675): CodeIgniter\Model->doFindAll(0, 0)
#6 C:\xampp\htdocs\Lab11Web\ci4\app\Models\ArtikelModel.php(26): CodeIgniter\BaseModel->findAll()
#7 C:\xampp\htdocs\Lab11Web\ci4\app\Controllers\Artikel.php(19): App\Models\ArtikelModel->getArtikelDenganKategori()
#8 C:\xampp\htdocs\Lab11Web\ci4\system\CodeIgniter.php(933): App\Controllers\Artikel->index()
#9 C:\xampp\htdocs\Lab11Web\ci4\system\CodeIgniter.php(507): CodeIgniter\CodeIgniter->runController(Object(App\Controllers\Artikel))
#10 C:\xampp\htdocs\Lab11Web\ci4\system\CodeIgniter.php(354): CodeIgniter\CodeIgniter->handleRequest(NULL, Object(Config\Cache), false)
#11 C:\xampp\htdocs\Lab11Web\ci4\system\Boot.php(334): CodeIgniter\CodeIgniter->run()
#12 C:\xampp\htdocs\Lab11Web\ci4\system\Boot.php(67): CodeIgniter\Boot::runCodeIgniter(Object(CodeIgniter\CodeIgniter))
#13 C:\xampp\htdocs\Lab11Web\ci4\public\index.php(56): CodeIgniter\Boot::bootWeb(Object(Config\Paths))
#14 C:\xampp\htdocs\Lab11Web\ci4\system\rewrite.php(44): require_once('C:\\xampp\\htdocs...')
#15 {main}

Next CodeIgniter\Database\Exceptions\DatabaseException: No connection could be made because the target machine actively refused it in C:\xampp\htdocs\Lab11Web\ci4\system\Database\MySQLi\Connection.php:246
Stack trace:
#0 C:\xampp\htdocs\Lab11Web\ci4\system\Database\BaseConnection.php(421): CodeIgniter\Database\MySQLi\Connection->connect(false)
#1 C:\xampp\htdocs\Lab11Web\ci4\system\Database\BaseConnection.php(620): CodeIgniter\Database\BaseConnection->initialize()
#2 C:\xampp\htdocs\Lab11Web\ci4\system\Database\BaseBuilder.php(1649): CodeIgniter\Database\BaseConnection->query('SELECT `artikel...', Array, false)
#3 C:\xampp\htdocs\Lab11Web\ci4\system\Model.php(286): CodeIgniter\Database\BaseBuilder->get()
#4 C:\xampp\htdocs\Lab11Web\ci4\system\BaseModel.php(675): CodeIgniter\Model->doFindAll(0, 0)
#5 C:\xampp\htdocs\Lab11Web\ci4\app\Models\ArtikelModel.php(26): CodeIgniter\BaseModel->findAll()
#6 C:\xampp\htdocs\Lab11Web\ci4\app\Controllers\Artikel.php(19): App\Models\ArtikelModel->getArtikelDenganKategori()
#7 C:\xampp\htdocs\Lab11Web\ci4\system\CodeIgniter.php(933): App\Controllers\Artikel->index()
#8 C:\xampp\htdocs\Lab11Web\ci4\system\CodeIgniter.php(507): CodeIgniter\CodeIgniter->runController(Object(App\Controllers\Artikel))
#9 C:\xampp\htdocs\Lab11Web\ci4\system\CodeIgniter.php(354): CodeIgniter\CodeIgniter->handleRequest(NULL, Object(Config\Cache), false)
#10 C:\xampp\htdocs\Lab11Web\ci4\system\Boot.php(334): CodeIgniter\CodeIgniter->run()
#11 C:\xampp\htdocs\Lab11Web\ci4\system\Boot.php(67): CodeIgniter\Boot::runCodeIgniter(Object(CodeIgniter\CodeIgniter))
#12 C:\xampp\htdocs\Lab11Web\ci4\public\index.php(56): CodeIgniter\Boot::bootWeb(Object(Config\Paths))
#13 C:\xampp\htdocs\Lab11Web\ci4\system\rewrite.php(44): require_once('C:\\xampp\\htdocs...')
#14 {main}
CRITICAL - 2025-05-24 04:17:39 --> CodeIgniter\Database\Exceptions\DatabaseException: Unable to connect to the database.
Main connection [MySQLi]: No connection could be made because the target machine actively refused it
[Method: GET, Route: artikel]
in SYSTEMPATH\Database\BaseConnection.php on line 467.
 1 SYSTEMPATH\Database\BaseConnection.php(620): CodeIgniter\Database\BaseConnection->initialize()
 2 SYSTEMPATH\Database\BaseBuilder.php(1649): CodeIgniter\Database\BaseConnection->query('SELECT `artikel`.*, `kategori`.`nama_kategori`
FROM `artikel`
JOIN `kategori` ON `kategori`.`id_kategori` = `artikel`.`id_kategori`', [], false)
 3 SYSTEMPATH\Model.php(286): CodeIgniter\Database\BaseBuilder->get()
 4 SYSTEMPATH\BaseModel.php(675): CodeIgniter\Model->doFindAll(0, 0)
 5 APPPATH\Models\ArtikelModel.php(26): CodeIgniter\BaseModel->findAll()
 6 APPPATH\Controllers\Artikel.php(19): App\Models\ArtikelModel->getArtikelDenganKategori()
 7 SYSTEMPATH\CodeIgniter.php(933): App\Controllers\Artikel->index()
 8 SYSTEMPATH\CodeIgniter.php(507): CodeIgniter\CodeIgniter->runController(Object(App\Controllers\Artikel))
 9 SYSTEMPATH\CodeIgniter.php(354): CodeIgniter\CodeIgniter->handleRequest(null, Object(Config\Cache), false)
10 SYSTEMPATH\Boot.php(334): CodeIgniter\CodeIgniter->run()
11 SYSTEMPATH\Boot.php(67): CodeIgniter\Boot::runCodeIgniter(Object(CodeIgniter\CodeIgniter))
12 FCPATH\index.php(56): CodeIgniter\Boot::bootWeb(Object(Config\Paths))
13 SYSTEMPATH\rewrite.php(44): require_once('C:\\xampp\\htdocs\\Lab11Web\\ci4\\public\\index.php')
WARNING - 2025-05-24 06:19:08 --> [DEPRECATED] strtotime(): Passing null to parameter #1 ($datetime) of type string is deprecated in APPPATH\Views\components\artikel_terkini.php on line 11.
 1 APPPATH\Views\components\artikel_terkini.php(11): strtotime(null)
 2 SYSTEMPATH\View\View.php(224): include('C:\\xampp\\htdocs\\Lab11Web\\ci4\\app\\Views\\components\\artikel_terkini.php')
 3 SYSTEMPATH\View\View.php(227): CodeIgniter\View\View->CodeIgniter\View\{closure}()
 4 SYSTEMPATH\Common.php(1173): CodeIgniter\View\View->render('components/artikel_terkini', [], true)
 5 APPPATH\Cells\ArtikelTerkini.php(21): view('components/artikel_terkini', [...])
 6 SYSTEMPATH\View\Cell.php(307): App\Cells\ArtikelTerkini->render(null)
 7 SYSTEMPATH\View\Cell.php(104): CodeIgniter\View\Cell->renderSimpleClass(Object(App\Cells\ArtikelTerkini), 'render', [...], 'App\\Cells\\ArtikelTerkini')
 8 SYSTEMPATH\Common.php(1189): CodeIgniter\View\Cell->render('App\\Cells\\ArtikelTerkini::render', [...], 0, 'AppCellsArtikelTerkinirendere62ae458aadf338b2d96da90d610b41d')
 9 APPPATH\Views\layout\main.php(27): view_cell('App\\Cells\\ArtikelTerkini::render', [...])
10 SYSTEMPATH\View\View.php(224): include('C:\\xampp\\htdocs\\Lab11Web\\ci4\\app\\Views\\layout\\main.php')
11 SYSTEMPATH\View\View.php(227): CodeIgniter\View\View->CodeIgniter\View\{closure}()
12 SYSTEMPATH\View\View.php(240): CodeIgniter\View\View->render('layout/main', [], true)
13 SYSTEMPATH\Common.php(1173): CodeIgniter\View\View->render('home', [], true)
14 APPPATH\Controllers\Home.php(14): view('home', [...])
15 SYSTEMPATH\CodeIgniter.php(933): App\Controllers\Home->index()
16 SYSTEMPATH\CodeIgniter.php(507): CodeIgniter\CodeIgniter->runController(Object(App\Controllers\Home))
17 SYSTEMPATH\CodeIgniter.php(354): CodeIgniter\CodeIgniter->handleRequest(null, Object(Config\Cache), false)
18 SYSTEMPATH\Boot.php(334): CodeIgniter\CodeIgniter->run()
19 SYSTEMPATH\Boot.php(67): CodeIgniter\Boot::runCodeIgniter(Object(CodeIgniter\CodeIgniter))
20 FCPATH\index.php(56): CodeIgniter\Boot::bootWeb(Object(Config\Paths))
21 SYSTEMPATH\rewrite.php(44): require_once('C:\\xampp\\htdocs\\Lab11Web\\ci4\\public\\index.php')
DEBUG - 2025-05-24 06:26:11 --> Session: Class initialized using 'CodeIgniter\Session\Handlers\FileHandler' driver.
DEBUG - 2025-05-24 06:26:12 --> Session: Class initialized using 'CodeIgniter\Session\Handlers\FileHandler' driver.
DEBUG - 2025-05-24 06:26:19 --> Session: Class initialized using 'CodeIgniter\Session\Handlers\FileHandler' driver.
DEBUG - 2025-05-24 06:26:19 --> Session: Class initialized using 'CodeIgniter\Session\Handlers\FileHandler' driver.
DEBUG - 2025-05-24 06:30:38 --> Session: Class initialized using 'CodeIgniter\Session\Handlers\FileHandler' driver.
DEBUG - 2025-05-24 06:30:40 --> Session: Class initialized using 'CodeIgniter\Session\Handlers\FileHandler' driver.
DEBUG - 2025-05-24 06:30:47 --> Session: Class initialized using 'CodeIgniter\Session\Handlers\FileHandler' driver.
DEBUG - 2025-05-24 06:30:51 --> Session: Class initialized using 'CodeIgniter\Session\Handlers\FileHandler' driver.
DEBUG - 2025-05-24 06:31:12 --> Session: Class initialized using 'CodeIgniter\Session\Handlers\FileHandler' driver.
DEBUG - 2025-05-24 06:31:36 --> Session: Class initialized using 'CodeIgniter\Session\Handlers\FileHandler' driver.
DEBUG - 2025-05-24 06:31:43 --> Session: Class initialized using 'CodeIgniter\Session\Handlers\FileHandler' driver.
DEBUG - 2025-05-24 06:31:50 --> Session: Class initialized using 'CodeIgniter\Session\Handlers\FileHandler' driver.
DEBUG - 2025-05-24 06:31:51 --> Session: Class initialized using 'CodeIgniter\Session\Handlers\FileHandler' driver.
DEBUG - 2025-05-24 06:34:16 --> Session: Class initialized using 'CodeIgniter\Session\Handlers\FileHandler' driver.
DEBUG - 2025-05-24 06:34:17 --> Session: Class initialized using 'CodeIgniter\Session\Handlers\FileHandler' driver.
DEBUG - 2025-05-24 06:34:25 --> Session: Class initialized using 'CodeIgniter\Session\Handlers\FileHandler' driver.
DEBUG - 2025-05-24 06:34:26 --> Session: Class initialized using 'CodeIgniter\Session\Handlers\FileHandler' driver.
DEBUG - 2025-05-24 06:34:52 --> Session: Class initialized using 'CodeIgniter\Session\Handlers\FileHandler' driver.
DEBUG - 2025-05-24 06:34:53 --> Session: Class initialized using 'CodeIgniter\Session\Handlers\FileHandler' driver.
DEBUG - 2025-05-24 06:34:58 --> Session: Class initialized using 'CodeIgniter\Session\Handlers\FileHandler' driver.
DEBUG - 2025-05-24 06:34:59 --> Session: Class initialized using 'CodeIgniter\Session\Handlers\FileHandler' driver.
DEBUG - 2025-05-24 06:35:02 --> Session: Class initialized using 'CodeIgniter\Session\Handlers\FileHandler' driver.
DEBUG - 2025-05-24 06:35:04 --> Session: Class initialized using 'CodeIgniter\Session\Handlers\FileHandler' driver.
DEBUG - 2025-05-24 06:35:31 --> Session: Class initialized using 'CodeIgniter\Session\Handlers\FileHandler' driver.
DEBUG - 2025-05-24 06:35:33 --> Session: Class initialized using 'CodeIgniter\Session\Handlers\FileHandler' driver.
DEBUG - 2025-05-24 06:35:44 --> Session: Class initialized using 'CodeIgniter\Session\Handlers\FileHandler' driver.
DEBUG - 2025-05-24 06:35:56 --> Session: Class initialized using 'CodeIgniter\Session\Handlers\FileHandler' driver.
DEBUG - 2025-05-24 06:36:03 --> Session: Class initialized using 'CodeIgniter\Session\Handlers\FileHandler' driver.
DEBUG - 2025-05-24 06:36:07 --> Session: Class initialized using 'CodeIgniter\Session\Handlers\FileHandler' driver.
DEBUG - 2025-05-24 06:36:13 --> Session: Class initialized using 'CodeIgniter\Session\Handlers\FileHandler' driver.
DEBUG - 2025-05-24 06:37:50 --> Session: Class initialized using 'CodeIgniter\Session\Handlers\FileHandler' driver.
DEBUG - 2025-05-24 06:37:52 --> Session: Class initialized using 'CodeIgniter\Session\Handlers\FileHandler' driver.
DEBUG - 2025-05-24 06:37:55 --> Session: Class initialized using 'CodeIgniter\Session\Handlers\FileHandler' driver.
DEBUG - 2025-05-24 06:37:57 --> Session: Class initialized using 'CodeIgniter\Session\Handlers\FileHandler' driver.
DEBUG - 2025-05-24 06:40:49 --> Session: Class initialized using 'CodeIgniter\Session\Handlers\FileHandler' driver.
DEBUG - 2025-05-24 06:40:50 --> Session: Class initialized using 'CodeIgniter\Session\Handlers\FileHandler' driver.
DEBUG - 2025-05-24 06:40:52 --> Session: Class initialized using 'CodeIgniter\Session\Handlers\FileHandler' driver.
DEBUG - 2025-05-24 06:41:05 --> Session: Class initialized using 'CodeIgniter\Session\Handlers\FileHandler' driver.
DEBUG - 2025-05-24 06:41:12 --> Session: Class initialized using 'CodeIgniter\Session\Handlers\FileHandler' driver.
DEBUG - 2025-05-24 06:41:14 --> Session: Class initialized using 'CodeIgniter\Session\Handlers\FileHandler' driver.
DEBUG - 2025-05-24 06:43:04 --> Session: Class initialized using 'CodeIgniter\Session\Handlers\FileHandler' driver.
DEBUG - 2025-05-24 06:43:07 --> Session: Class initialized using 'CodeIgniter\Session\Handlers\FileHandler' driver.
DEBUG - 2025-05-24 06:43:08 --> Session: Class initialized using 'CodeIgniter\Session\Handlers\FileHandler' driver.
DEBUG - 2025-05-24 06:43:32 --> Session: Class initialized using 'CodeIgniter\Session\Handlers\FileHandler' driver.
DEBUG - 2025-05-24 06:43:43 --> Session: Class initialized using 'CodeIgniter\Session\Handlers\FileHandler' driver.
DEBUG - 2025-05-24 06:43:53 --> Session: Class initialized using 'CodeIgniter\Session\Handlers\FileHandler' driver.
DEBUG - 2025-05-24 06:45:13 --> Session: Class initialized using 'CodeIgniter\Session\Handlers\FileHandler' driver.
DEBUG - 2025-05-24 06:45:14 --> Session: Class initialized using 'CodeIgniter\Session\Handlers\FileHandler' driver.
DEBUG - 2025-05-24 06:45:19 --> Session: Class initialized using 'CodeIgniter\Session\Handlers\FileHandler' driver.
DEBUG - 2025-05-24 06:45:24 --> Session: Class initialized using 'CodeIgniter\Session\Handlers\FileHandler' driver.
DEBUG - 2025-05-24 06:45:29 --> Session: Class initialized using 'CodeIgniter\Session\Handlers\FileHandler' driver.
DEBUG - 2025-05-24 06:45:34 --> Session: Class initialized using 'CodeIgniter\Session\Handlers\FileHandler' driver.
DEBUG - 2025-05-24 06:46:02 --> Session: Class initialized using 'CodeIgniter\Session\Handlers\FileHandler' driver.
DEBUG - 2025-05-24 06:46:03 --> Session: Class initialized using 'CodeIgniter\Session\Handlers\FileHandler' driver.
DEBUG - 2025-05-24 06:50:46 --> Session: Class initialized using 'CodeIgniter\Session\Handlers\FileHandler' driver.
DEBUG - 2025-05-24 06:50:48 --> Session: Class initialized using 'CodeIgniter\Session\Handlers\FileHandler' driver.
DEBUG - 2025-05-24 06:50:49 --> Session: Class initialized using 'CodeIgniter\Session\Handlers\FileHandler' driver.
DEBUG - 2025-05-24 06:50:50 --> Session: Class initialized using 'CodeIgniter\Session\Handlers\FileHandler' driver.
DEBUG - 2025-05-24 06:50:54 --> Session: Class initialized using 'CodeIgniter\Session\Handlers\FileHandler' driver.
DEBUG - 2025-05-24 06:50:55 --> Session: Class initialized using 'CodeIgniter\Session\Handlers\FileHandler' driver.
DEBUG - 2025-05-24 06:51:02 --> Session: Class initialized using 'CodeIgniter\Session\Handlers\FileHandler' driver.
DEBUG - 2025-05-24 06:51:04 --> Session: Class initialized using 'CodeIgniter\Session\Handlers\FileHandler' driver.
DEBUG - 2025-05-24 06:51:05 --> Session: Class initialized using 'CodeIgniter\Session\Handlers\FileHandler' driver.
DEBUG - 2025-05-24 06:51:07 --> Session: Class initialized using 'CodeIgniter\Session\Handlers\FileHandler' driver.
DEBUG - 2025-05-24 06:51:26 --> Session: Class initialized using 'CodeIgniter\Session\Handlers\FileHandler' driver.
DEBUG - 2025-05-24 06:51:30 --> Session: Class initialized using 'CodeIgniter\Session\Handlers\FileHandler' driver.
DEBUG - 2025-05-24 06:51:31 --> Session: Class initialized using 'CodeIgniter\Session\Handlers\FileHandler' driver.
DEBUG - 2025-05-24 06:51:38 --> Session: Class initialized using 'CodeIgniter\Session\Handlers\FileHandler' driver.
DEBUG - 2025-05-24 06:51:39 --> Session: Class initialized using 'CodeIgniter\Session\Handlers\FileHandler' driver.
DEBUG - 2025-05-24 06:52:10 --> Session: Class initialized using 'CodeIgniter\Session\Handlers\FileHandler' driver.
DEBUG - 2025-05-24 06:52:11 --> Session: Class initialized using 'CodeIgniter\Session\Handlers\FileHandler' driver.
DEBUG - 2025-05-24 06:52:13 --> Session: Class initialized using 'CodeIgniter\Session\Handlers\FileHandler' driver.
DEBUG - 2025-05-24 06:52:14 --> Session: Class initialized using 'CodeIgniter\Session\Handlers\FileHandler' driver.
DEBUG - 2025-05-24 06:54:39 --> Session: Class initialized using 'CodeIgniter\Session\Handlers\FileHandler' driver.
DEBUG - 2025-05-24 06:54:41 --> Session: Class initialized using 'CodeIgniter\Session\Handlers\FileHandler' driver.
DEBUG - 2025-05-24 06:54:49 --> Session: Class initialized using 'CodeIgniter\Session\Handlers\FileHandler' driver.
DEBUG - 2025-05-24 06:54:50 --> Session: Class initialized using 'CodeIgniter\Session\Handlers\FileHandler' driver.
DEBUG - 2025-05-24 06:55:12 --> Session: Class initialized using 'CodeIgniter\Session\Handlers\FileHandler' driver.
DEBUG - 2025-05-24 06:55:14 --> Session: Class initialized using 'CodeIgniter\Session\Handlers\FileHandler' driver.
DEBUG - 2025-05-24 06:55:20 --> Session: Class initialized using 'CodeIgniter\Session\Handlers\FileHandler' driver.
DEBUG - 2025-05-24 06:55:21 --> Session: Class initialized using 'CodeIgniter\Session\Handlers\FileHandler' driver.
DEBUG - 2025-05-24 06:55:28 --> Session: Class initialized using 'CodeIgniter\Session\Handlers\FileHandler' driver.
DEBUG - 2025-05-24 06:55:29 --> Session: Class initialized using 'CodeIgniter\Session\Handlers\FileHandler' driver.
DEBUG - 2025-05-24 06:55:39 --> Session: Class initialized using 'CodeIgniter\Session\Handlers\FileHandler' driver.
DEBUG - 2025-05-24 06:55:43 --> Session: Class initialized using 'CodeIgniter\Session\Handlers\FileHandler' driver.
DEBUG - 2025-05-24 06:55:52 --> Session: Class initialized using 'CodeIgniter\Session\Handlers\FileHandler' driver.
DEBUG - 2025-05-24 06:56:03 --> Session: Class initialized using 'CodeIgniter\Session\Handlers\FileHandler' driver.
DEBUG - 2025-05-24 06:56:14 --> Session: Class initialized using 'CodeIgniter\Session\Handlers\FileHandler' driver.
DEBUG - 2025-05-24 06:56:21 --> Session: Class initialized using 'CodeIgniter\Session\Handlers\FileHandler' driver.
DEBUG - 2025-05-24 06:56:29 --> Session: Class initialized using 'CodeIgniter\Session\Handlers\FileHandler' driver.
DEBUG - 2025-05-24 06:56:41 --> Session: Class initialized using 'CodeIgniter\Session\Handlers\FileHandler' driver.
DEBUG - 2025-05-24 06:56:42 --> Session: Class initialized using 'CodeIgniter\Session\Handlers\FileHandler' driver.
DEBUG - 2025-05-24 06:56:51 --> Session: Class initialized using 'CodeIgniter\Session\Handlers\FileHandler' driver.
DEBUG - 2025-05-24 06:56:55 --> Session: Class initialized using 'CodeIgniter\Session\Handlers\FileHandler' driver.
DEBUG - 2025-05-24 06:56:56 --> Session: Class initialized using 'CodeIgniter\Session\Handlers\FileHandler' driver.
